<?xml version="1.0" encoding="UTF-8"?>
<testng-results ignored="0" total="1" passed="1" failed="0" skipped="0">
  <reporter-output>
  </reporter-output>
  <suite started-at="2023-01-29T22:48:55 EST" name="Default suite" finished-at="2023-01-29T22:49:00 EST" duration-ms="4643">
    <groups>
    </groups>
    <test started-at="2023-01-29T22:48:55 EST" name="Default test" finished-at="2023-01-29T22:49:00 EST" duration-ms="4643">
      <class name="uhc.tdd.homepageTest.HomepageTest">
        <test-method is-config="true" signature="setUpSuit()[pri:0, instance:uhc.tdd.homepageTest.HomepageTest@196a42c3]" started-at="2023-01-29T22:48:55 EST" name="setUpSuit" finished-at="2023-01-29T22:48:55 EST" duration-ms="14" status="PASS">
          <reporter-output>
          </reporter-output>
        </test-method> <!-- setUpSuit -->
        <test-method is-config="true" signature="setUpDriver()[pri:0, instance:uhc.tdd.homepageTest.HomepageTest@196a42c3]" started-at="2023-01-29T22:48:55 EST" name="setUpDriver" finished-at="2023-01-29T22:49:00 EST" duration-ms="4366" status="PASS">
          <reporter-output>
          </reporter-output>
        </test-method> <!-- setUpDriver -->
        <test-method signature="homepagetest()[pri:0, instance:uhc.tdd.homepageTest.HomepageTest@196a42c3]" started-at="2023-01-29T22:49:00 EST" name="homepagetest" finished-at="2023-01-29T22:49:00 EST" duration-ms="3" status="PASS">
          <reporter-output>
          </reporter-output>
        </test-method> <!-- homepagetest -->
        <test-method is-config="true" signature="tearUp()[pri:0, instance:uhc.tdd.homepageTest.HomepageTest@196a42c3]" started-at="2023-01-29T22:49:00 EST" name="tearUp" finished-at="2023-01-29T22:49:00 EST" duration-ms="247" status="PASS">
          <reporter-output>
          </reporter-output>
        </test-method> <!-- tearUp -->
      </class> <!-- uhc.tdd.homepageTest.HomepageTest -->
    </test> <!-- Default test -->
  </suite> <!-- Default suite -->
</testng-results>
